Nerd сделал ход на 13, результат: Мимо
Бот сделал ход на 15, результат: Попадание
Бот сделал ход на 56, результат: Мимо
Nerd сделал ход на 45, результат: Мимо
Бот сделал ход на 27, результат: Мимо
Nerd сделал ход на 34, результат: Мимо
Бот сделал ход на 11, результат: Мимо
Nerd сделал ход на 12, результат: Мимо
Бот сделал ход на 45, результат: Мимо
1 сделал ход на 03, результат: Попадание
1 сделал ход на 04, результат: Попадание
1 сделал ход на 05, результат: Попадание
1 сделал ход на 06, результат: Попадание
1 сделал ход на 07, результат: Попадание
1 сделал ход на 13, результат: Попадание
1 сделал ход на 14, результат: Попадание
1 сделал ход на 15, результат: Попадание
1 сделал ход на 16, результат: Попадание
1 сделал ход на 17, результат: Мимо
2 сделал ход на 11, результат: Мимо
1 сделал ход на 17, результат: Попадание
1 сделал ход на 23, результат: Попадание
1 сделал ход на 24, результат: Попадание
1 сделал ход на 25, результат: Попадание
1 сделал ход на 33, результат: Попадание
1 сделал ход на 34, результат: Попадание
1 сделал ход на 35, результат: Попадание
1 сделал ход на 43, результат: Попадание
1 сделал ход на 44, результат: Попадание
1 сделал ход на 53, результат: Мимо
1 сделал ход на 03, результат: Попадание
1 сделал ход на 04, результат: Попадание
1 сделал ход на 05, результат: Попадание
1 сделал ход на 06, результат: Попадание
1 сделал ход на 07, результат: Попадание
1 сделал ход на 13, результат: Попадание
1 сделал ход на 14, результат: Попадание
1 сделал ход на 15, результат: Попадание
1 сделал ход на 16, результат: Попадание
1 сделал ход на 23, результат: Попадание
1 сделал ход на 24, результат: Попадание
1 сделал ход на 25, результат: Попадание
1 сделал ход на 33, результат: Попадание
1 сделал ход на 34, результат: Попадание
1 сделал ход на 35, результат: Попадание
1 сделал ход на 43, результат: Попадание
1 сделал ход на 44, результат: Попадание
1 сделал ход на 53, результат: Мимо
Nerd сделал ход на 01, результат: Мимо
Бот сделал ход на 49, результат: Мимо
Nerd сделал ход на 34, результат: Мимо
Бот сделал ход на 64, результат: Мимо
Nerd сделал ход на 33, результат: Мимо
Бот сделал ход на 28, результат: Мимо
Nerd сделал ход на 51, результат: Мимо
Бот сделал ход на 26, результат: Мимо
Nerd сделал ход на 07, результат: Попадание
Nerd сделал ход на 08, результат: Попадание
Nerd сделал ход на 13, результат: Попадание
Nerd сделал ход на 14, результат: Попадание
Nerd сделал ход на 15, результат: Попадание
Nerd сделал ход на 39, результат: Попадание
Nerd сделал ход на 49, результат: Попадание
Nerd сделал ход на 59, результат: Мимо
Бот сделал ход на 63, результат: Мимо
Nerd сделал ход на 29, результат: Попадание
Nerd сделал ход на 42, результат: Попадание
Nerd сделал ход на 52, результат: Попадание
Nerd сделал ход на 62, результат: Попадание
Nerd сделал ход на 72, результат: Попадание
Nerd сделал ход на 85, результат: Попадание
Nerd сделал ход на 86, результат: Попадание
Nerd сделал ход на 87, результат: Попадание
Nerd сделал ход на 88, результат: Попадание
Nerd сделал ход на 89, результат: Попадание
Nerd сделал ход на 11, результат: Мимо
NerdNew сделал ход на 00, результат: Попадание
NerdNew сделал ход на 01, результат: Попадание
NerdNew сделал ход на 02, результат: Попадание
NerdNew сделал ход на 03, результат: Попадание
NerdNew сделал ход на 04, результат: Попадание
NerdNew сделал ход на 05, результат: Мимо
NerdOld сделал ход на 11, результат: Мимо
NerdNew сделал ход на 20, результат: Попадание
NerdNew сделал ход на 21, результат: Попадание
NerdNew сделал ход на 22, результат: Попадание
NerdNew сделал ход на 23, результат: Попадание
NerdNew сделал ход на 40, результат: Попадание
NerdNew сделал ход на 41, результат: Попадание
NerdNew сделал ход на 42, результат: Попадание
NerdNew сделал ход на 60, результат: Попадание
NerdNew сделал ход на 61, результат: Попадание
NerdNew сделал ход на 62, результат: Попадание
NerdNew сделал ход на 80, результат: Попадание
NerdNew сделал ход на 81, результат: Попадание
NerdNew сделал ход на 11, результат: Мимо
NerdNew сделал ход на 01, результат: Попадание
NerdNew сделал ход на 02, результат: Попадание
NerdNew сделал ход на 03, результат: Попадание
NerdNew сделал ход на 04, результат: Попадание
NerdNew сделал ход на 05, результат: Мимо
NerdOld сделал ход на 11, результат: Мимо
NerdNew сделал ход на 00, результат: Попадание
NerdNew сделал ход на 20, результат: Попадание
NerdNew сделал ход на 21, результат: Попадание
NerdNew сделал ход на 22, результат: Попадание
NerdNew сделал ход на 23, результат: Попадание
NerdNew сделал ход на 40, результат: Попадание
NerdNew сделал ход на 41, результат: Попадание
NerdNew сделал ход на 42, результат: Попадание
NerdNew сделал ход на 60, результат: Попадание
NerdNew сделал ход на 61, результат: Попадание
NerdNew сделал ход на 52, результат: Мимо
NerdOld сделал ход на 06, результат: Мимо
NerdNew сделал ход на 51, результат: Мимо
NerdOld сделал ход на 77, результат: Мимо
NerdNew сделал ход на 62, результат: Попадание
NerdNew сделал ход на 80, результат: Попадание
NerdNew сделал ход на 81, результат: Попадание
NerdNew сделал ход на 11, результат: Мимо
NerdNew1 сделал ход на 00, результат: Попадание
NerdNew1 сделал ход на 01, результат: Попадание
NerdNew1 сделал ход на 02, результат: Попадание
NerdNew1 сделал ход на 03, результат: Попадание
NerdNew1 сделал ход на 04, результат: Попадание
NerdNew1 сделал ход на 10, результат: Мимо
NerdOld1 сделал ход на 11, результат: Мимо
NerdNew1 сделал ход на 20, результат: Попадание
NerdNew1 сделал ход на 21, результат: Попадание
NerdNew1 сделал ход на 22, результат: Попадание
NerdNew1 сделал ход на 23, результат: Попадание
NerdNew1 сделал ход на 40, результат: Попадание
NerdNew1 сделал ход на 41, результат: Попадание
NerdNew1 сделал ход на 42, результат: Попадание
NerdNew1 сделал ход на 60, результат: Попадание
NerdNew1 сделал ход на 61, результат: Попадание
NerdNew1 сделал ход на 62, результат: Попадание
NerdNew1 сделал ход на 80, результат: Попадание
NerdNew1 сделал ход на 81, результат: Попадание
NerdNew1 сделал ход на 11, результат: Мимо
NerdNew1 сделал ход на 00, результат: Попадание
NerdNew1 сделал ход на 01, результат: Попадание
NerdNew1 сделал ход на 02, результат: Попадание
NerdNew1 сделал ход на 03, результат: Попадание
NerdNew1 сделал ход на 04, результат: Попадание
NerdNew1 сделал ход на 05, результат: Мимо
NerdOld1 сделал ход на 11, результат: Мимо
NerdNew1 сделал ход на 20, результат: Попадание
NerdNew1 сделал ход на 21, результат: Попадание
NerdNew1 сделал ход на 22, результат: Попадание
NerdNew1 сделал ход на 23, результат: Попадание
NerdNew1 сделал ход на 40, результат: Попадание
NerdNew1 сделал ход на 41, результат: Попадание
NerdNew1 сделал ход на 42, результат: Попадание
NerdNew1 сделал ход на 60, результат: Попадание
NerdNew1 сделал ход на 61, результат: Попадание
NerdNew1 сделал ход на 62, результат: Попадание
NerdNew1 сделал ход на 80, результат: Попадание
NerdNew1 сделал ход на 81, результат: Попадание
NerdNew1 сделал ход на 11, результат: Мимо
NerdNew1 сделал ход на 00, результат: Попадание
NerdNew1 сделал ход на 01, результат: Попадание
NerdNew1 сделал ход на 02, результат: Попадание
NerdNew1 сделал ход на 03, результат: Попадание
NerdNew1 сделал ход на 04, результат: Попадание
NerdNew1 сделал ход на 20, результат: Попадание
NerdNew1 сделал ход на 21, результат: Попадание
NerdNew1 сделал ход на 22, результат: Попадание
NerdNew1 сделал ход на 23, результат: Попадание
NerdNew1 сделал ход на 40, результат: Попадание
NerdNew1 сделал ход на 41, результат: Попадание
NerdNew1 сделал ход на 42, результат: Попадание
NerdNew1 сделал ход на 60, результат: Попадание
NerdNew1 сделал ход на 61, результат: Попадание
NerdNew1 сделал ход на 62, результат: Попадание
NerdNew1 сделал ход на 80, результат: Попадание
NerdNew1 сделал ход на 81, результат: Попадание
NerdNew1 сделал ход на 11, результат: Мимо
